info: Jan-07-2022 09:36:54: 	 Request: POST /createContentPermission at Fri Jan 07 2022 09:36:54 GMT+0530, IP: ::1, User Agent: PostmanRuntime/7.28.4 
info: Jan-07-2022 09:36:54: 	Request Body: {"usname":"rishi"} 
info: Jan-07-2022 09:36:54: 	Response Body: {"err":{"message":"read ECONNRESET","name":"Error","stack":"Error: read ECONNRESET\n    at TLSWrap.onStreamRead (internal/stream_base_commons.js:200:27)","config":{"transitional":{"silentJSONParsing":true,"forcedJSONParsing":true,"clarifyTimeoutError":false},"transformRequest":[null],"transformResponse":[null],"timeout":0,"xsrfCookieName":"XSRF-TOKEN","xsrfHeaderName":"X-XSRF-TOKEN","maxContentLength":-1,"maxBodyLength":-1,"headers":{"Accept":"application/json, text/plain, */*","Content-Type":"application/json","User-Agent":"axios/0.23.0","Content-Length":18},"method":"post","url":"https://hashx-api-contentperm-cud.herokuapp.com/createContentPermission","data":"{\"usname\":\"rishi\"}"},"code":"ECONNRESET","status":null},"data":null,"msg":"Error Calling the DataBase Layer APIs Error: read ECONNRESET"} 
info: Jan-07-2022 09:36:54: 	Response: 400 990.262 ms  
info: Jan-07-2022 09:43:03: 	 Request: POST /createContent at Fri Jan 07 2022 09:43:03 GMT+0530, IP: ::1, User Agent: PostmanRuntime/7.28.4 
info: Jan-07-2022 09:43:03: 	Request Body: {"usname":"rishi"} 
info: Jan-07-2022 09:43:03: 	Response Body: {"err":null,"data":{"ContentUUID":"8ed1a5578fa0c2329183155ee951d390293fa453a6ec4e717f7cb1dc6231e82c"},"msg":"createContent Request Successful & Successfully created Content"} 
info: Jan-07-2022 09:43:03: 	Response: 200 7332.788 ms  
info: Jan-07-2022 09:44:44: 	 Request: POST /readContent at Fri Jan 07 2022 09:44:44 GMT+0530, IP: ::1, User Agent: PostmanRuntime/7.28.4 
info: Jan-07-2022 09:44:44: 	Request Body: {"usname":"rishi"} 
info: Jan-07-2022 09:44:44: 	Response Body: {"err":{"message":"read ECONNRESET","name":"Error","stack":"Error: read ECONNRESET\n    at TLSWrap.onStreamRead (internal/stream_base_commons.js:200:27)","config":{"transitional":{"silentJSONParsing":true,"forcedJSONParsing":true,"clarifyTimeoutError":false},"transformRequest":[null],"transformResponse":[null],"timeout":0,"xsrfCookieName":"XSRF-TOKEN","xsrfHeaderName":"X-XSRF-TOKEN","maxContentLength":-1,"maxBodyLength":-1,"headers":{"Accept":"application/json, text/plain, */*","Content-Type":"application/json","User-Agent":"axios/0.23.0","Content-Length":18},"method":"post","url":"https://hashx-api-content-read.herokuapp.com/readContent","data":"{\"usname\":\"rishi\"}"},"code":"ECONNRESET","status":null},"data":null,"msg":"Error Calling the DataBase Layer APIs Error: read ECONNRESET"} 
info: Jan-07-2022 09:44:44: 	Response: 400 545.916 ms  
info: Jan-07-2022 10:00:10: 	 Request: POST /readContentPermission at Fri Jan 07 2022 10:00:10 GMT+0530, IP: ::1, User Agent: PostmanRuntime/7.28.4 
info: Jan-07-2022 10:00:10: 	Request Body: {"usname":"rishi"} 
info: Jan-07-2022 10:00:10: 	Response Body: {"err":{"message":"Request failed with status code 503","name":"Error","stack":"Error: Request failed with status code 503\n    at createError (I:\\Submission\\ContentService\\node_modules\\axios\\lib\\core\\createError.js:16:15)\n    at settle (I:\\Submission\\ContentService\\node_modules\\axios\\lib\\core\\settle.js:17:12)\n    at IncomingMessage.handleStreamEnd (I:\\Submission\\ContentService\\node_modules\\axios\\lib\\adapters\\http.js:293:11)\n    at IncomingMessage.emit (events.js:228:7)\n    at endReadableNT (_stream_readable.js:1185:12)\n    at processTicksAndRejections (internal/process/task_queues.js:81:21)","config":{"transitional":{"silentJSONParsing":true,"forcedJSONParsing":true,"clarifyTimeoutError":false},"transformRequest":[null],"transformResponse":[null],"timeout":0,"xsrfCookieName":"XSRF-TOKEN","xsrfHeaderName":"X-XSRF-TOKEN","maxContentLength":-1,"maxBodyLength":-1,"headers":{"Accept":"application/json, text/plain, */*","Content-Type":"application/json","User-Agent ... 
info: Jan-07-2022 10:00:10: 	Response: 400 36375.782 ms  
info: Jan-07-2022 21:29:49: 	 Request: POST /createContentPermission at Fri Jan 07 2022 21:29:49 GMT+0530, IP: ::1, User Agent: PostmanRuntime/7.28.4 
info: Jan-07-2022 21:29:49: 	Request Body: {"usname":"rishi"} 
info: Jan-07-2022 21:29:49: 	Response Body: {"err":{"message":"Request failed with status code 400","name":"Error","stack":"Error: Request failed with status code 400\n    at createError (I:\\Submission\\ContentService\\node_modules\\axios\\lib\\core\\createError.js:16:15)\n    at settle (I:\\Submission\\ContentService\\node_modules\\axios\\lib\\core\\settle.js:17:12)\n    at IncomingMessage.handleStreamEnd (I:\\Submission\\ContentService\\node_modules\\axios\\lib\\adapters\\http.js:293:11)\n    at IncomingMessage.emit (events.js:228:7)\n    at endReadableNT (_stream_readable.js:1185:12)\n    at processTicksAndRejections (internal/process/task_queues.js:81:21)","config":{"transitional":{"silentJSONParsing":true,"forcedJSONParsing":true,"clarifyTimeoutError":false},"transformRequest":[null],"transformResponse":[null],"timeout":0,"xsrfCookieName":"XSRF-TOKEN","xsrfHeaderName":"X-XSRF-TOKEN","maxContentLength":-1,"maxBodyLength":-1,"headers":{"Accept":"application/json, text/plain, */*","Content-Type":"application/json","User-Agent ... 
info: Jan-07-2022 21:29:49: 	Response: 400 8210.384 ms  
info: Jan-07-2022 21:36:35: 	 Request: POST /updateContent at Fri Jan 07 2022 21:36:35 GMT+0530, IP: ::1, User Agent: PostmanRuntime/7.28.4 
info: Jan-07-2022 21:36:35: 	Request Body: {"usname":"rishi"} 
info: Jan-07-2022 21:36:35: 	Response Body: {"err":null,"data":null,"msg":"Password match failedmatchPassword Request Successful & Account Not Found"} 
info: Jan-07-2022 21:36:35: 	Response: 200 18940.030 ms  
